<?xml version="1.0" encoding="UTF-8"?>
<!-- Generated by org.testng.reporters.JUnitReportReporter -->
<testsuite hostname="USER-PC" name="scripts.InvalidLogin" tests="1" failures="0" timestamp="16 Jan 2017 09:22:55 GMT" time="46.738" errors="0">
  <testcase name="testInvalidLogin" time="46.738" classname="scripts.InvalidLogin"/>
</testsuite> <!-- scripts.InvalidLogin -->
