<?xml version="1.0" encoding="UTF-8"?>
<!-- Generated by org.testng.reporters.JUnitReportReporter -->
<testsuite hostname="USER-PC" name="scripts.ValidLoginLogout" tests="2" failures="0" timestamp="16 Jan 2017 09:54:39 GMT" time="124.374" errors="0">
  <testcase name="testValidLoginLogout" time="61.261" classname="scripts.ValidLoginLogout"/>
  <testcase name="testValidLoginLogout" time="63.113" classname="scripts.ValidLoginLogout"/>
</testsuite> <!-- scripts.ValidLoginLogout -->
