<?xml version="1.0" encoding="UTF-8"?>
<!-- Generated by org.testng.reporters.JUnitReportReporter -->
<testsuite hostname="USER-PC" name="scripts.VerifyProdVersion" tests="1" failures="0" timestamp="16 Jan 2017 09:22:55 GMT" time="50.543" errors="0">
  <testcase name="testVerifyProdVersion" time="50.543" classname="scripts.VerifyProdVersion"/>
</testsuite> <!-- scripts.VerifyProdVersion -->
